[0.019s] Invoking command in '/UROV/build/cpp_pubsub': CMAKE_PREFIX_PATH=${CMAKE_PREFIX_PATH}:/opt/ros/jazzy /usr/bin/cmake /UROV/src/cpp_pubsub -DCMAKE_INSTALL_PREFIX=/UROV/install/cpp_pubsub
[0.165s] -- The C compiler identification is GNU 13.3.0
[0.304s] -- The CXX compiler identification is GNU 13.3.0
[0.337s] -- Detecting C compiler ABI info
[0.566s] -- Detecting C compiler ABI info - done
[0.587s] -- Check for working C compiler: /usr/bin/cc - skipped
[0.588s] -- Detecting C compile features
[0.589s] -- Detecting C compile features - done
[0.612s] -- Detecting CXX compiler ABI info
[0.859s] -- Detecting CXX compiler ABI info - done
[0.879s] -- Check for working CXX compiler: /usr/bin/c++ - skipped
[0.880s] -- Detecting CXX compile features
[0.881s] -- Detecting CXX compile features - done
[0.890s] -- Found ament_cmake: 2.5.4 (/opt/ros/jazzy/share/ament_cmake/cmake)
[1.217s] -- Found Python3: /usr/bin/python3 (found version "3.12.3") found components: Interpreter 
[1.477s] -- Found rclcpp: 28.1.13 (/opt/ros/jazzy/share/rclcpp/cmake)
[1.579s] -- Found rosidl_generator_c: 4.6.6 (/opt/ros/jazzy/share/rosidl_generator_c/cmake)
[1.615s] -- Found rosidl_generator_cpp: 4.6.6 (/opt/ros/jazzy/share/rosidl_generator_cpp/cmake)
[1.659s] -- Using all available rosidl_typesupport_c: rosidl_typesupport_fastrtps_c;rosidl_typesupport_introspection_c
[1.704s] -- Using all available rosidl_typesupport_cpp: rosidl_typesupport_fastrtps_cpp;rosidl_typesupport_introspection_cpp
[1.899s] -- Found rmw_implementation_cmake: 7.3.2 (/opt/ros/jazzy/share/rmw_implementation_cmake/cmake)
[1.907s] -- Found rmw_fastrtps_cpp: 8.4.3 (/opt/ros/jazzy/share/rmw_fastrtps_cpp/cmake)
[2.102s] -- Found OpenSSL: /usr/lib/x86_64-linux-gnu/libcrypto.so (found version "3.0.13")  
[2.146s] -- Found FastRTPS: /opt/ros/jazzy/include (Required is at least version "2.13") 
[2.198s] -- Using RMW implementation 'rmw_fastrtps_cpp' as default
[2.379s] -- Found std_msgs: 5.3.6 (/opt/ros/jazzy/share/std_msgs/cmake)
[2.602s] -- Configuring done (2.6s)
[2.643s] -- Generating done (0.0s)
[2.654s] -- Build files have been written to: /UROV/build/cpp_pubsub
[2.671s] Invoked command in '/UROV/build/cpp_pubsub' returned '0': CMAKE_PREFIX_PATH=${CMAKE_PREFIX_PATH}:/opt/ros/jazzy /usr/bin/cmake /UROV/src/cpp_pubsub -DCMAKE_INSTALL_PREFIX=/UROV/install/cpp_pubsub
[2.674s] Invoking command in '/UROV/build/cpp_pubsub': CMAKE_PREFIX_PATH=${CMAKE_PREFIX_PATH}:/opt/ros/jazzy /usr/bin/cmake --build /UROV/build/cpp_pubsub -- -j12 -l12
[2.792s] [ 25%] [32mBuilding CXX object CMakeFiles/talker.dir/src/publisher_lambda_function.cpp.o[0m
[2.792s] [ 50%] [32mBuilding CXX object CMakeFiles/listener.dir/src/subscriber_lambda_function.cpp.o[0m
[9.298s] [ 75%] [32m[1mLinking CXX executable talker[0m
[9.474s] [ 75%] Built target talker
[11.840s] [100%] [32m[1mLinking CXX executable listener[0m
[12.103s] [100%] Built target listener
[12.116s] Invoked command in '/UROV/build/cpp_pubsub' returned '0': CMAKE_PREFIX_PATH=${CMAKE_PREFIX_PATH}:/opt/ros/jazzy /usr/bin/cmake --build /UROV/build/cpp_pubsub -- -j12 -l12
[12.128s] Invoking command in '/UROV/build/cpp_pubsub': CMAKE_PREFIX_PATH=${CMAKE_PREFIX_PATH}:/opt/ros/jazzy /usr/bin/cmake --install /UROV/build/cpp_pubsub
[12.136s] -- Install configuration: ""
[12.136s] -- Installing: /UROV/install/cpp_pubsub/lib/cpp_pubsub/talker
[12.151s] -- Set non-toolchain portion of runtime path of "/UROV/install/cpp_pubsub/lib/cpp_pubsub/talker" to ""
[12.151s] -- Installing: /UROV/install/cpp_pubsub/lib/cpp_pubsub/listener
[12.155s] -- Set non-toolchain portion of runtime path of "/UROV/install/cpp_pubsub/lib/cpp_pubsub/listener" to ""
[12.155s] -- Installing: /UROV/install/cpp_pubsub/share/ament_index/resource_index/package_run_dependencies/cpp_pubsub
[12.156s] -- Installing: /UROV/install/cpp_pubsub/share/ament_index/resource_index/parent_prefix_path/cpp_pubsub
[12.157s] -- Installing: /UROV/install/cpp_pubsub/share/cpp_pubsub/environment/ament_prefix_path.sh
[12.157s] -- Installing: /UROV/install/cpp_pubsub/share/cpp_pubsub/environment/ament_prefix_path.dsv
[12.157s] -- Installing: /UROV/install/cpp_pubsub/share/cpp_pubsub/environment/path.sh
[12.158s] -- Installing: /UROV/install/cpp_pubsub/share/cpp_pubsub/environment/path.dsv
[12.158s] -- Installing: /UROV/install/cpp_pubsub/share/cpp_pubsub/local_setup.bash
[12.158s] -- Installing: /UROV/install/cpp_pubsub/share/cpp_pubsub/local_setup.sh
[12.158s] -- Installing: /UROV/install/cpp_pubsub/share/cpp_pubsub/local_setup.zsh
[12.158s] -- Installing: /UROV/install/cpp_pubsub/share/cpp_pubsub/local_setup.dsv
[12.158s] -- Installing: /UROV/install/cpp_pubsub/share/cpp_pubsub/package.dsv
[12.159s] -- Installing: /UROV/install/cpp_pubsub/share/ament_index/resource_index/packages/cpp_pubsub
[12.159s] -- Installing: /UROV/install/cpp_pubsub/share/cpp_pubsub/cmake/cpp_pubsubConfig.cmake
[12.159s] -- Installing: /UROV/install/cpp_pubsub/share/cpp_pubsub/cmake/cpp_pubsubConfig-version.cmake
[12.159s] -- Installing: /UROV/install/cpp_pubsub/share/cpp_pubsub/package.xml
[12.161s] Invoked command in '/UROV/build/cpp_pubsub' returned '0': CMAKE_PREFIX_PATH=${CMAKE_PREFIX_PATH}:/opt/ros/jazzy /usr/bin/cmake --install /UROV/build/cpp_pubsub
