[0.024s] Invoking command in '/UROV/build/cpp_srvcli': CMAKE_PREFIX_PATH=${CMAKE_PREFIX_PATH}:/UROV/install/py_srvcli:/UROV/install/py_pubsub:/opt/ros/jazzy /usr/bin/cmake --build /UROV/build/cpp_srvcli -- -j12 -l12
[0.094s] -- Found ament_cmake: 2.5.4 (/opt/ros/jazzy/share/ament_cmake/cmake)
[0.591s] -- Found rclcpp: 28.1.13 (/opt/ros/jazzy/share/rclcpp/cmake)
[0.652s] -- Found rosidl_generator_c: 4.6.6 (/opt/ros/jazzy/share/rosidl_generator_c/cmake)
[0.673s] -- Found rosidl_generator_cpp: 4.6.6 (/opt/ros/jazzy/share/rosidl_generator_cpp/cmake)
[0.698s] -- Using all available rosidl_typesupport_c: rosidl_typesupport_fastrtps_c;rosidl_typesupport_introspection_c
[0.730s] -- Using all available rosidl_typesupport_cpp: rosidl_typesupport_fastrtps_cpp;rosidl_typesupport_introspection_cpp
[0.874s] -- Found rmw_implementation_cmake: 7.3.2 (/opt/ros/jazzy/share/rmw_implementation_cmake/cmake)
[0.878s] -- Found rmw_fastrtps_cpp: 8.4.3 (/opt/ros/jazzy/share/rmw_fastrtps_cpp/cmake)
[1.022s] -- Using RMW implementation 'rmw_fastrtps_cpp' as default
[1.169s] -- Found example_interfaces: 0.12.0 (/opt/ros/jazzy/share/example_interfaces/cmake)
[1.296s] -- Found ament_lint_auto: 0.17.3 (/opt/ros/jazzy/share/ament_lint_auto/cmake)
[1.525s] -- Added test 'cppcheck' to perform static code analysis on C / C++ code
[1.526s] -- Configured cppcheck include dirs: 
[1.526s] -- Configured cppcheck exclude dirs and/or files: 
[1.528s] -- Added test 'lint_cmake' to check CMake code style
[1.530s] -- Added test 'uncrustify' to check C / C++ code style
[1.530s] -- Configured uncrustify additional arguments: 
[1.531s] -- Added test 'xmllint' to check XML markup files
[1.533s] -- Configuring done (1.5s)
[1.576s] -- Generating done (0.0s)
[1.589s] -- Build files have been written to: /UROV/build/cpp_srvcli
[1.674s] [ 25%] [32mBuilding CXX object CMakeFiles/client.dir/src/add_two_ints_client.cpp.o[0m
[1.720s] [ 75%] Built target server
[8.151s] [100%] [32m[1mLinking CXX executable client[0m
[8.313s] [100%] Built target client
[8.327s] Invoked command in '/UROV/build/cpp_srvcli' returned '0': CMAKE_PREFIX_PATH=${CMAKE_PREFIX_PATH}:/UROV/install/py_srvcli:/UROV/install/py_pubsub:/opt/ros/jazzy /usr/bin/cmake --build /UROV/build/cpp_srvcli -- -j12 -l12
[8.339s] Invoking command in '/UROV/build/cpp_srvcli': CMAKE_PREFIX_PATH=${CMAKE_PREFIX_PATH}:/UROV/install/py_srvcli:/UROV/install/py_pubsub:/opt/ros/jazzy /usr/bin/cmake --install /UROV/build/cpp_srvcli
[8.350s] -- Install configuration: ""
[8.351s] -- Installing: /UROV/install/cpp_srvcli/lib/cpp_srvcli/server
[8.361s] -- Set non-toolchain portion of runtime path of "/UROV/install/cpp_srvcli/lib/cpp_srvcli/server" to ""
[8.361s] -- Installing: /UROV/install/cpp_srvcli/lib/cpp_srvcli/client
[8.365s] -- Set non-toolchain portion of runtime path of "/UROV/install/cpp_srvcli/lib/cpp_srvcli/client" to ""
[8.365s] -- Installing: /UROV/install/cpp_srvcli/share/ament_index/resource_index/package_run_dependencies/cpp_srvcli
[8.365s] -- Installing: /UROV/install/cpp_srvcli/share/ament_index/resource_index/parent_prefix_path/cpp_srvcli
[8.365s] -- Installing: /UROV/install/cpp_srvcli/share/cpp_srvcli/environment/ament_prefix_path.sh
[8.366s] -- Installing: /UROV/install/cpp_srvcli/share/cpp_srvcli/environment/ament_prefix_path.dsv
[8.366s] -- Installing: /UROV/install/cpp_srvcli/share/cpp_srvcli/environment/path.sh
[8.366s] -- Installing: /UROV/install/cpp_srvcli/share/cpp_srvcli/environment/path.dsv
[8.366s] -- Installing: /UROV/install/cpp_srvcli/share/cpp_srvcli/local_setup.bash
[8.366s] -- Installing: /UROV/install/cpp_srvcli/share/cpp_srvcli/local_setup.sh
[8.366s] -- Installing: /UROV/install/cpp_srvcli/share/cpp_srvcli/local_setup.zsh
[8.366s] -- Installing: /UROV/install/cpp_srvcli/share/cpp_srvcli/local_setup.dsv
[8.366s] -- Installing: /UROV/install/cpp_srvcli/share/cpp_srvcli/package.dsv
[8.366s] -- Installing: /UROV/install/cpp_srvcli/share/ament_index/resource_index/packages/cpp_srvcli
[8.367s] -- Installing: /UROV/install/cpp_srvcli/share/cpp_srvcli/cmake/cpp_srvcliConfig.cmake
[8.367s] -- Installing: /UROV/install/cpp_srvcli/share/cpp_srvcli/cmake/cpp_srvcliConfig-version.cmake
[8.367s] -- Installing: /UROV/install/cpp_srvcli/share/cpp_srvcli/package.xml
[8.370s] Invoked command in '/UROV/build/cpp_srvcli' returned '0': CMAKE_PREFIX_PATH=${CMAKE_PREFIX_PATH}:/UROV/install/py_srvcli:/UROV/install/py_pubsub:/opt/ros/jazzy /usr/bin/cmake --install /UROV/build/cpp_srvcli
