[1.456s] Invoking command in '/UROV/src/py_pubsub': PYTHONPATH=/UROV/build/py_pubsub/prefix_override:/usr/lib/python3/dist-packages/colcon_core/task/python/colcon_distutils_commands:/UROV/install/py_pubsub/lib/python3.12/site-packages:${PYTHONPATH} /usr/bin/python3 -W ignore:setup.py install is deprecated -W ignore:easy_install command is deprecated setup.py egg_info --egg-base ../../build/py_pubsub build --build-base /UROV/build/py_pubsub/build install --record /UROV/build/py_pubsub/install.log --single-version-externally-managed install_data
[1.921s] running egg_info
[1.921s] creating ../../build/py_pubsub/py_pubsub.egg-info
[1.951s] writing ../../build/py_pubsub/py_pubsub.egg-info/PKG-INFO
[1.952s] writing dependency_links to ../../build/py_pubsub/py_pubsub.egg-info/dependency_links.txt
[1.952s] writing entry points to ../../build/py_pubsub/py_pubsub.egg-info/entry_points.txt
[1.953s] writing requirements to ../../build/py_pubsub/py_pubsub.egg-info/requires.txt
[1.953s] writing top-level names to ../../build/py_pubsub/py_pubsub.egg-info/top_level.txt
[1.953s] writing manifest file '../../build/py_pubsub/py_pubsub.egg-info/SOURCES.txt'
[2.012s] reading manifest file '../../build/py_pubsub/py_pubsub.egg-info/SOURCES.txt'
[2.012s] adding license file 'LICENSE'
[2.014s] writing manifest file '../../build/py_pubsub/py_pubsub.egg-info/SOURCES.txt'
[2.014s] running build
[2.014s] running build_py
[2.014s] creating /UROV/build/py_pubsub/build
[2.015s] creating /UROV/build/py_pubsub/build/lib
[2.015s] creating /UROV/build/py_pubsub/build/lib/py_pubsub
[2.015s] copying py_pubsub/__init__.py -> /UROV/build/py_pubsub/build/lib/py_pubsub
[2.015s] copying py_pubsub/publisher_member_function.py -> /UROV/build/py_pubsub/build/lib/py_pubsub
[2.016s] copying py_pubsub/subscriber_member_function.py -> /UROV/build/py_pubsub/build/lib/py_pubsub
[2.017s] running install
[2.037s] running install_lib
[2.072s] creating /UROV/install/py_pubsub/lib/python3.12/site-packages/py_pubsub
[2.072s] copying /UROV/build/py_pubsub/build/lib/py_pubsub/__init__.py -> /UROV/install/py_pubsub/lib/python3.12/site-packages/py_pubsub
[2.073s] copying /UROV/build/py_pubsub/build/lib/py_pubsub/publisher_member_function.py -> /UROV/install/py_pubsub/lib/python3.12/site-packages/py_pubsub
[2.073s] copying /UROV/build/py_pubsub/build/lib/py_pubsub/subscriber_member_function.py -> /UROV/install/py_pubsub/lib/python3.12/site-packages/py_pubsub
[2.074s] byte-compiling /UROV/install/py_pubsub/lib/python3.12/site-packages/py_pubsub/__init__.py to __init__.cpython-312.pyc
[2.076s] byte-compiling /UROV/install/py_pubsub/lib/python3.12/site-packages/py_pubsub/publisher_member_function.py to publisher_member_function.cpython-312.pyc
[2.077s] byte-compiling /UROV/install/py_pubsub/lib/python3.12/site-packages/py_pubsub/subscriber_member_function.py to subscriber_member_function.cpython-312.pyc
[2.078s] running install_data
[2.078s] creating /UROV/install/py_pubsub/share/ament_index
[2.079s] creating /UROV/install/py_pubsub/share/ament_index/resource_index
[2.079s] creating /UROV/install/py_pubsub/share/ament_index/resource_index/packages
[2.079s] copying resource/py_pubsub -> /UROV/install/py_pubsub/share/ament_index/resource_index/packages
[2.079s] copying package.xml -> /UROV/install/py_pubsub/share/py_pubsub
[2.080s] running install_egg_info
[2.120s] Copying ../../build/py_pubsub/py_pubsub.egg-info to /UROV/install/py_pubsub/lib/python3.12/site-packages/py_pubsub-0.0.0-py3.12.egg-info
[2.125s] running install_scripts
[2.373s] Installing listener script to /UROV/install/py_pubsub/lib/py_pubsub
[2.373s] Installing talker script to /UROV/install/py_pubsub/lib/py_pubsub
[2.374s] writing list of installed files to '/UROV/build/py_pubsub/install.log'
[2.448s] Invoked command in '/UROV/src/py_pubsub' returned '0': PYTHONPATH=/UROV/build/py_pubsub/prefix_override:/usr/lib/python3/dist-packages/colcon_core/task/python/colcon_distutils_commands:/UROV/install/py_pubsub/lib/python3.12/site-packages:${PYTHONPATH} /usr/bin/python3 -W ignore:setup.py install is deprecated -W ignore:easy_install command is deprecated setup.py egg_info --egg-base ../../build/py_pubsub build --build-base /UROV/build/py_pubsub/build install --record /UROV/build/py_pubsub/install.log --single-version-externally-managed install_data
